<?xml version="1.0" encoding="UTF-8"?>
<testsuite xmlns:xsi="http://www.w3.org/2001/XMLSchema-instance" xsi:noNamespaceSchemaLocation="https://maven.apache.org/surefire/maven-surefire-plugin/xsd/surefire-test-report-3.0.xsd" version="3.0" name="com.example.demotest.DemoTestApplicationTests" time="6.673" tests="1" errors="0" skipped="0" failures="0">
  <properties>
[...]
</properties>
  <testcase name="contextLoads" classname="com.example.demotest.DemoTestApplicationTests" time="0.64">
    <system-out><![CDATA[11:00:20.818 [main] INFO org.springframework.test.context.support.AnnotationConfigContextLoaderUtils -- Could not detect default configuration classes for test class [com.example.demotest.DemoTestApplicationTests]: DemoTestApplicationTests does not declare any static, non-private, non-final, nested classes annotated with @Configuration.
11:00:20.935 [main] INFO org.springframework.boot.test.context.SpringBootTestContextBootstrapper -- Found @SpringBootConfiguration com.example.demotest.DemoTestApplication for test class com.example.demotest.DemoTestApplicationTests

  .   ____          _            __ _ _
 /\\ / ___'_ __ _ _(_)_ __  __ _ \ \ \ \
( ( )\___ | '_ | '_| | '_ \/ _` | \ \ \ \
 \\/  ___)| |_)| | | | | || (_| |  ) ) ) )
  '  |____| .__|_| |_|_| |_\__, | / / / /
 =========|_|==============|___/=/_/_/_/
 :: Spring Boot ::                (v3.2.0)

2024-02-18T11:00:21.384+07:00  INFO 3432 --- [           main] c.e.demotest.DemoTestApplicationTests    : Starting DemoTestApplicationTests using Java 21 with PID 3432 (started by USER in C:\Users\USER\Desktop\Spring boot\demoTest)
2024-02-18T11:00:21.385+07:00  INFO 3432 --- [           main] c.e.demotest.DemoTestApplicationTests    : No active profile set, falling back to 1 default profile: "default"
2024-02-18T11:00:22.380+07:00  INFO 3432 --- [           main] .s.d.r.c.RepositoryConfigurationDelegate : Bootstrapping Spring Data JPA repositories in DEFAULT mode.
2024-02-18T11:00:22.443+07:00  INFO 3432 --- [           main] .s.d.r.c.RepositoryConfigurationDelegate : Finished Spring Data repository scanning in 49 ms. Found 2 JPA repository interfaces.
2024-02-18T11:00:22.936+07:00  INFO 3432 --- [           main] o.hibernate.jpa.internal.util.LogHelper  : HHH000204: Processing PersistenceUnitInfo [name: default]
2024-02-18T11:00:23.007+07:00  INFO 3432 --- [           main] org.hibernate.Version                    : HHH000412: Hibernate ORM core version 6.3.1.Final
2024-02-18T11:00:23.054+07:00  INFO 3432 --- [           main] o.h.c.internal.RegionFactoryInitiator    : HHH000026: Second-level cache disabled
2024-02-18T11:00:23.335+07:00  INFO 3432 --- [           main] o.s.o.j.p.SpringPersistenceUnitInfo      : No LoadTimeWeaver setup: ignoring JPA class transformer
2024-02-18T11:00:23.369+07:00  INFO 3432 --- [           main] com.zaxxer.hikari.HikariDataSource       : HikariPool-1 - Starting...
2024-02-18T11:00:23.683+07:00  INFO 3432 --- [           main] com.zaxxer.hikari.pool.HikariPool        : HikariPool-1 - Added connection org.postgresql.jdbc.PgConnection@5ed31735
2024-02-18T11:00:23.699+07:00  INFO 3432 --- [           main] com.zaxxer.hikari.HikariDataSource       : HikariPool-1 - Start completed.
2024-02-18T11:00:24.797+07:00  INFO 3432 --- [           main] o.h.e.t.j.p.i.JtaPlatformInitiator       : HHH000489: No JTA platform available (set 'hibernate.transaction.jta.platform' to enable JTA platform integration)
2024-02-18T11:00:24.844+07:00  INFO 3432 --- [           main] j.LocalContainerEntityManagerFactoryBean : Initialized JPA EntityManagerFactory for persistence unit 'default'
2024-02-18T11:00:25.461+07:00  INFO 3432 --- [           main] o.s.d.j.r.query.QueryEnhancerFactory     : Hibernate is in classpath; If applicable, HQL parser will be used.
2024-02-18T11:00:25.883+07:00  WARN 3432 --- [           main] JpaBaseConfiguration$JpaWebConfiguration : spring.jpa.open-in-view is enabled by default. Therefore, database queries may be performed during view rendering. Explicitly configure spring.jpa.open-in-view to disable this warning
2024-02-18T11:00:26.628+07:00  INFO 3432 --- [           main] c.e.demotest.DemoTestApplicationTests    : Started DemoTestApplicationTests in 5.525 seconds (process running for 6.722)
]]></system-out>
    <system-err><![CDATA[WARNING: A Java agent has been loaded dynamically (C:\Users\USER\.m2\repository\net\bytebuddy\byte-buddy-agent\1.14.10\byte-buddy-agent-1.14.10.jar)
WARNING: If a serviceability tool is in use, please run with -XX:+EnableDynamicAgentLoading to hide this warning
WARNING: If a serviceability tool is not in use, please run with -Djdk.instrument.traceUsage for more information
WARNING: Dynamic loading of agents will be disallowed by default in a future release
]]></system-err>
  </testcase>
</testsuite>