<?xml version="1.0" encoding="UTF-8"?>
<testsuite xmlns:xsi="http://www.w3.org/2001/XMLSchema-instance" xsi:noNamespaceSchemaLocation="https://maven.apache.org/surefire/maven-surefire-plugin/xsd/surefire-test-report-3.0.xsd" version="3.0" name="com.example.pos.PosApplicationTests" time="27.531" tests="1" errors="0" skipped="0" failures="0">
  <properties>
[...]
</properties>
  <testcase name="contextLoads" classname="com.example.pos.PosApplicationTests" time="1.607">
    <system-out><![CDATA[18:33:42.433 [main] INFO org.springframework.test.context.support.AnnotationConfigContextLoaderUtils -- Could not detect default configuration classes for test class [com.example.pos.PosApplicationTests]: PosApplicationTests does not declare any static, non-private, non-final, nested classes annotated with @Configuration.
18:33:42.679 [main] INFO org.springframework.boot.test.context.SpringBootTestContextBootstrapper -- Found @SpringBootConfiguration com.example.pos.PosApplication for test class com.example.pos.PosApplicationTests

  .   ____          _            __ _ _
 /\\ / ___'_ __ _ _(_)_ __  __ _ \ \ \ \
( ( )\___ | '_ | '_| | '_ \/ _` | \ \ \ \
 \\/  ___)| |_)| | | | | || (_| |  ) ) ) )
  '  |____| .__|_| |_|_| |_\__, | / / / /
 =========|_|==============|___/=/_/_/_/
 :: Spring Boot ::                (v3.2.0)

2024-02-18T18:33:46.486+07:00  INFO 7768 --- [           main] com.example.pos.PosApplicationTests      : Starting PosApplicationTests using Java 21 with PID 7768 (started by USER in C:\Users\USER\Desktop\project\back end\spring-project)
2024-02-18T18:33:46.487+07:00  INFO 7768 --- [           main] com.example.pos.PosApplicationTests      : No active profile set, falling back to 1 default profile: "default"
2024-02-18T18:33:49.928+07:00  INFO 7768 --- [           main] .s.d.r.c.RepositoryConfigurationDelegate : Bootstrapping Spring Data JPA repositories in DEFAULT mode.
2024-02-18T18:33:50.242+07:00  INFO 7768 --- [           main] .s.d.r.c.RepositoryConfigurationDelegate : Finished Spring Data repository scanning in 272 ms. Found 28 JPA repository interfaces.
2024-02-18T18:33:52.578+07:00  INFO 7768 --- [           main] o.hibernate.jpa.internal.util.LogHelper  : HHH000204: Processing PersistenceUnitInfo [name: default]
2024-02-18T18:33:53.133+07:00  INFO 7768 --- [           main] org.hibernate.Version                    : HHH000412: Hibernate ORM core version 6.3.1.Final
2024-02-18T18:33:53.213+07:00  INFO 7768 --- [           main] o.h.c.internal.RegionFactoryInitiator    : HHH000026: Second-level cache disabled
2024-02-18T18:33:54.176+07:00  INFO 7768 --- [           main] o.s.o.j.p.SpringPersistenceUnitInfo      : No LoadTimeWeaver setup: ignoring JPA class transformer
2024-02-18T18:33:54.398+07:00  INFO 7768 --- [           main] com.zaxxer.hikari.HikariDataSource       : HikariPool-1 - Starting...
2024-02-18T18:33:55.451+07:00  INFO 7768 --- [           main] com.zaxxer.hikari.pool.HikariPool        : HikariPool-1 - Added connection org.postgresql.jdbc.PgConnection@4ad1a276
2024-02-18T18:33:55.453+07:00  INFO 7768 --- [           main] com.zaxxer.hikari.HikariDataSource       : HikariPool-1 - Start completed.
2024-02-18T18:34:01.663+07:00  INFO 7768 --- [           main] o.h.e.t.j.p.i.JtaPlatformInitiator       : HHH000489: No JTA platform available (set 'hibernate.transaction.jta.platform' to enable JTA platform integration)
2024-02-18T18:34:03.170+07:00  INFO 7768 --- [           main] j.LocalContainerEntityManagerFactoryBean : Initialized JPA EntityManagerFactory for persistence unit 'default'
2024-02-18T18:34:03.827+07:00  INFO 7768 --- [           main] o.s.d.j.r.query.QueryEnhancerFactory     : Hibernate is in classpath; If applicable, HQL parser will be used.
2024-02-18T18:34:06.745+07:00  INFO 7768 --- [           main] o.s.s.web.DefaultSecurityFilterChain     : Will secure any request with [org.springframework.security.web.session.DisableEncodeUrlFilter@2f2e75ae, org.springframework.security.web.context.request.async.WebAsyncManagerIntegrationFilter@8ccec82, org.springframework.security.web.context.SecurityContextHolderFilter@4ec1192f, org.springframework.security.web.header.HeaderWriterFilter@1b1434ce, org.springframework.web.filter.CorsFilter@35ca0dac, org.springframework.security.web.authentication.logout.LogoutFilter@4eba3c3f, com.example.pos.authentication.configs.JwtAuthenticationFilter@3c48bbf3, org.springframework.security.web.savedrequest.RequestCacheAwareFilter@3653bb61, org.springframework.security.web.servletapi.SecurityContextHolderAwareRequestFilter@65595be7, org.springframework.security.web.authentication.AnonymousAuthenticationFilter@12a0f131, org.springframework.security.web.session.SessionManagementFilter@4f1150f5, org.springframework.security.web.access.ExceptionTranslationFilter@3aaeb65b, org.springframework.security.web.access.intercept.AuthorizationFilter@490dc900]
2024-02-18T18:34:07.367+07:00  INFO 7768 --- [           main] com.example.pos.PosApplicationTests      : Started PosApplicationTests in 22.266 seconds (process running for 26.995)
]]></system-out>
    <system-err><![CDATA[WARNING: A Java agent has been loaded dynamically (C:\Users\USER\.m2\repository\net\bytebuddy\byte-buddy-agent\1.14.10\byte-buddy-agent-1.14.10.jar)
WARNING: If a serviceability tool is in use, please run with -XX:+EnableDynamicAgentLoading to hide this warning
WARNING: If a serviceability tool is not in use, please run with -Djdk.instrument.traceUsage for more information
WARNING: Dynamic loading of agents will be disallowed by default in a future release
]]></system-err>
  </testcase>
</testsuite>